Arguments: 
  /usr/local/bin/node /usr/local/bin/yarn install

PATH: 
  /Library/Frameworks/Python.framework/Versions/3.7/bin:/usr/local/bin:/usr/bin:/bin:/usr/sbin:/sbin:/Applications/Wireshark.app/Contents/MacOS

Yarn version: 
  1.10.1

Node version: 
  10.15.0

Platform: 
  darwin x64

Trace: 
  Error: EINVAL: invalid argument, unlink '/Users/serena/Documents/serena/cli/react-dav/react2/node_modules/compression/node_modules/safe-buffer'

npm manifest: 
  {
    "private": true,
    "scripts": {
      "start": "roadhog server",
      "build": "roadhog build",
      "lint": "eslint --ext .js src test",
      "precommit": "npm run lint"
    },
    "dependencies": {
      "babel-plugin-import": "^1.12.0",
      "dva": "^2.4.1",
      "react": "^16.2.0",
      "react-dom": "^16.2.0"
    },
    "devDependencies": {
      "antd": "^3.20.7",
      "babel-plugin-dva-hmr": "^0.3.2",
      "eslint": "^4.14.0",
      "eslint-config-umi": "^0.1.1",
      "eslint-plugin-flowtype": "^2.34.1",
      "eslint-plugin-import": "^2.6.0",
      "eslint-plugin-jsx-a11y": "^5.1.1",
      "eslint-plugin-react": "^7.1.0",
      "husky": "^0.12.0",
      "less-loader": "^5.0.0",
      "redbox-react": "^1.4.3",
      "roadhog": "^2.5.0-beta.4"
    }
  }

yarn manifest: 
  No manifest

Lockfile: 
  No lockfile
